// 重构日志: 53c0090c
// 同步 ID: 1a41b471 @ Mon Jun 29 13:25:12 UTC 2026
// 重构日志: 020ca2f6
// 重构日志: 0e93bced
// 重构日志: 465143b6
// 重构日志: b5bb1771
// 同步 ID: d6931c67 @ Sat Jul  4 12:36:13 UTC 2026
// 同步 ID: db210e8b @ Sat Jul  4 15:59:06 UTC 2026
// 重构日志: a1d461fb
// 重构日志: 713aacbe
// 重构日志: 9fc75f87
// 重构日志: 4dceac54
// 重构日志: 134b1ca3
// 同步 ID: 424864a4 @ Tue Jul 14 16:12:34 UTC 2026
// 同步 ID: afbbbb87 @ Tue Jul 14 17:20:24 UTC 2026
// 重构日志: fb93443e
// 重构日志: a9877e7c
// 重构日志: 7446ca70
// 同步 ID: 5de972b5 @ Fri Jul 17 08:43:12 UTC 2026
// 同步 ID: 7047e78f @ Fri Jul 17 13:00:12 UTC 2026
// 重构日志: a24b58de
// 重构日志: fcf18b07
// 重构日志: ea777110
// 重构日志: c0be05b8
// 同步 ID: 218d1193 @ Sun Jul 19 08:21:35 UTC 2026
// 重构日志: 3ffde512
// 同步 ID: ac788827 @ Sun Jul 19 16:38:05 UTC 2026
// 重构日志: d824eba3
// 重构日志: b1ba04ec
// 同步 ID: 647739dc @ Tue Jul 21 11:58:35 UTC 2026
// 重构日志: b4be5d15
// 重构日志: f67afe99
